<?xml version="1.0" encoding="UTF-8"?>
<robot generator="Robot 7.0 (Python 3.11.8 on darwin)" generated="2024-04-15T16:38:53.045748" rpa="false" schemaversion="5">
<suite id="s1" name="Robotframework Test" source="/Users/igyeonghyeong/IdeaProjects/robotframework_test">
<suite id="s1-s1" name="Ios Test" source="/Users/igyeonghyeong/IdeaProjects/robotframework_test/ios_test.robot">
<test id="s1-s1-t1" name="Launch App" line="16">
<kw name="Open Application" owner="AppiumLibrary">
<kw name="Capture Page Screenshot" owner="AppiumLibrary">
<msg time="2024-04-15T16:38:53.134720" level="FAIL">No application is open</msg>
<doc>Takes a screenshot of the current page and embeds it into the log.</doc>
<status status="FAIL" start="2024-04-15T16:38:53.134567" elapsed="0.001378">No application is open</status>
</kw>
<msg time="2024-04-15T16:38:53.136578" level="WARN">Keyword 'Capture Page Screenshot' could not be run on failure: No application is open</msg>
<msg time="2024-04-15T16:38:53.136729" level="FAIL">WebDriverException: Message: An unknown server-side error occurred while processing the command. Original error: Could not find a driver for automationName 'UIAutomation' and platformName 'ios'. Have you installed a driver that supports those capabilities? Run 'appium driver list --installed' to see. (Lower-level error: Could not find installed driver to support given caps)
Stacktrace:
UnknownError: An unknown server-side error occurred while processing the command. Original error: Could not find a driver for automationName 'UIAutomation' and platformName 'ios'. Have you installed a driver that supports those capabilities? Run 'appium driver list --installed' to see. (Lower-level error: Could not find installed driver to support given caps)
    at getResponseForW3CError (C:\Users\nlkh\AppData\Roaming\npm\node_modules\appium\node_modules\@appium\base-driver\lib\protocol\errors.js:1145:9)
    at asyncHandler (C:\Users\nlkh\AppData\Roaming\npm\node_modules\appium\node_modules\@appium\base-driver\lib\protocol\protocol.js:491:57)</msg>
<arg>${URI}</arg>
<arg>platformName=${platformName}</arg>
<arg>bundleId=${bundleId}</arg>
<arg>deviceName=${deviceName}</arg>
<arg>platformVersion=${platformVersion}</arg>
<arg>udid=${udid}</arg>
<arg>automationName=${automationName}</arg>
<doc>Opens a new application to given Appium server.
Capabilities of appium server, Android and iOS,
Please check https://github.com/appium/appium/blob/master/docs/en/writing-running-appium/server-args.md
| *Option*            | *Man.* | *Description*     |
| remote_url          | Yes    | Appium server url |
| alias               | no     | alias             |
| strict_ssl          | No     | allows you to send commands to an invalid certificate host like a self-signed one. |</doc>
<status status="FAIL" start="2024-04-15T16:38:53.093898" elapsed="0.043174">WebDriverException: Message: An unknown server-side error occurred while processing the command. Original error: Could not find a driver for automationName 'UIAutomation' and platformName 'ios'. Have you installed a driver that supports those capabilities? Run 'appium driver list --installed' to see. (Lower-level error: Could not find installed driver to support given caps)
Stacktrace:
UnknownError: An unknown server-side error occurred while processing the command. Original error: Could not find a driver for automationName 'UIAutomation' and platformName 'ios'. Have you installed a driver that supports those capabilities? Run 'appium driver list --installed' to see. (Lower-level error: Could not find installed driver to support given caps)
    at getResponseForW3CError (C:\Users\nlkh\AppData\Roaming\npm\node_modules\appium\node_modules\@appium\base-driver\lib\protocol\errors.js:1145:9)
    at asyncHandler (C:\Users\nlkh\AppData\Roaming\npm\node_modules\appium\node_modules\@appium\base-driver\lib\protocol\protocol.js:491:57)</status>
</kw>
<status status="FAIL" start="2024-04-15T16:38:53.093527" elapsed="0.043670">WebDriverException: Message: An unknown server-side error occurred while processing the command. Original error: Could not find a driver for automationName 'UIAutomation' and platformName 'ios'. Have you installed a driver that supports those capabilities? Run 'appium driver list --installed' to see. (Lower-level error: Could not find installed driver to support given caps)
Stacktrace:
UnknownError: An unknown server-side error occurred while processing the command. Original error: Could not find a driver for automationName 'UIAutomation' and platformName 'ios'. Have you installed a driver that supports those capabilities? Run 'appium driver list --installed' to see. (Lower-level error: Could not find installed driver to support given caps)
    at getResponseForW3CError (C:\Users\nlkh\AppData\Roaming\npm\node_modules\appium\node_modules\@appium\base-driver\lib\protocol\errors.js:1145:9)
    at asyncHandler (C:\Users\nlkh\AppData\Roaming\npm\node_modules\appium\node_modules\@appium\base-driver\lib\protocol\protocol.js:491:57)</status>
</test>
<status status="FAIL" start="2024-04-15T16:38:53.054526" elapsed="0.082982"/>
</suite>
<status status="FAIL" start="2024-04-15T16:38:53.047243" elapsed="0.090522"/>
</suite>
<statistics>
<total>
<stat pass="0" fail="1" skip="0">All Tests</stat>
</total>
<tag>
</tag>
<suite>
<stat pass="0" fail="1" skip="0" id="s1" name="Robotframework Test">Robotframework Test</stat>
<stat pass="0" fail="1" skip="0" id="s1-s1" name="Ios Test">Robotframework Test.Ios Test</stat>
</suite>
</statistics>
<errors>
<msg time="2024-04-15T16:38:53.136578" level="WARN">Keyword 'Capture Page Screenshot' could not be run on failure: No application is open</msg>
</errors>
</robot>
